[debug] [2019-08-02T04:34:37.802Z] ----------------------------------------------------------------------
[debug] [2019-08-02T04:34:37.804Z] Command:       /usr/local/bin/node /usr/local/bin/firebase init
[debug] [2019-08-02T04:34:37.804Z] CLI Version:   7.2.2
[debug] [2019-08-02T04:34:37.804Z] Platform:      darwin
[debug] [2019-08-02T04:34:37.804Z] Node Version:  v12.6.0
[debug] [2019-08-02T04:34:37.805Z] Time:          Thu Aug 01 2019 23:34:37 GMT-0500 (Colombia Standard Time)
[debug] [2019-08-02T04:34:37.805Z] ----------------------------------------------------------------------
[debug] 
[debug] [2019-08-02T04:34:37.811Z] > command requires scopes: ["email","openid","https://www.googleapis.com/auth/cloudplatformprojects.readonly","https://www.googleapis.com/auth/firebase","https://www.googleapis.com/auth/cloud-platform"]
[debug] [2019-08-02T04:34:37.812Z] > authorizing via signed-in user
[info] 
     ######## #### ########  ######## ########     ###     ######  ########
     ##        ##  ##     ## ##       ##     ##  ##   ##  ##       ##
     ######    ##  ########  ######   ########  #########  ######  ######
     ##        ##  ##    ##  ##       ##     ## ##     ##       ## ##
     ##       #### ##     ## ######## ########  ##     ##  ######  ########

You're about to initialize a Firebase project in this directory:

  /Users/diego/Development/udemy/bookrecipe

[info] 
=== Project Setup
[info] 
[info] First, let's associate this project directory with a Firebase project.
[info] You can create multiple project aliases by running firebase use --add, 
[info] but for now we'll just set up a default project.
[info] 
[debug] [2019-08-02T04:35:17.724Z] > refreshing access token with scopes: ["email","https://www.googleapis.com/auth/cloud-platform","https://www.googleapis.com/auth/cloudplatformprojects.readonly","https://www.googleapis.com/auth/firebase","openid"]
[debug] [2019-08-02T04:35:17.724Z] >>> HTTP REQUEST POST https://www.googleapis.com/oauth2/v3/token  
 <request body omitted>
[debug] [2019-08-02T04:35:17.927Z] <<< HTTP RESPONSE 200
[debug] [2019-08-02T04:35:18.038Z] >>> HTTP REQUEST GET https://firebase.googleapis.com/v1beta1/projects?page_size=100  
 
[debug] [2019-08-02T04:35:18.358Z] <<< HTTP RESPONSE 200
[info] 
=== Hosting Setup
[info] 
[info] Your public directory is the folder (relative to your project directory) that
[info] will contain Hosting assets to be uploaded with firebase deploy. If you
[info] have a build process for your assets, use your build's output directory.
[info] 
